<?xml version="1.0" encoding="UTF-8"?>
<!-- Generated by org.testng.reporters.JUnitReportReporter -->
<testsuite hostname="LAPTOP-3U8OLR21" failures="0" tests="3" name="com.tests.LoginTest" time="13.526" errors="0" timestamp="2024-11-13T13:45:09 EST" skipped="0">
  <testcase classname="com.tests.LoginTest" name="verifyLoginPageTitleTest" time="3.897"/>
  <testcase classname="com.tests.LoginTest" name="verifyLoginPageHeaderTest" time="3.930"/>
  <testcase classname="com.tests.LoginTest" name="doValidLoginTest" time="5.699"/>
</testsuite> <!-- com.tests.LoginTest -->
